<?xml version="1.0" encoding="UTF-8"?>
<!-- Generated by org.testng.reporters.JUnitReportReporter -->
<testsuite skipped="1" hostname="TYSS" name="scripts.TestScripts" tests="2" failures="0" timestamp="2020-05-26T07:16:45 IST" time="23.100" errors="0">
  <testcase name="testSortListBox" time="23.100" classname="scripts.TestScripts"/>
  <testcase name="testCreateEmployee" classname="scripts.TestScripts">
    <skipped/>
  </testcase> <!-- testCreateEmployee -->
</testsuite> <!-- scripts.TestScripts -->
