<?xml version="1.0" encoding="UTF-8"?>
<!-- Generated by org.testng.reporters.JUnitReportReporter -->
<testsuite hostname="TYSS" name="scripts.TestScripts" tests="1" failures="0" timestamp="26 May 2020 01:48:02 GMT" time="29.905" errors="0">
  <testcase name="testSortListBox" time="29.905" classname="scripts.TestScripts"/>
</testsuite> <!-- scripts.TestScripts -->
